L.LL.LL.LL
LLLLLLL.LL
L.L.L..L..
LLLL.LL.LL
L.LL.LL.LL
L.LLLLL.LL
..L.L.....
LLLLLLLLLL
L.LLLLLL.L
L.LLLLL.LL

#.##.##.##
#######.##
#.#.#..#..
####.##.##
#.##.##.##
#.#####.##
..#.#.....
##########
#.######.#
#.#####.##

#.LL.LL.L#
LLLLLLL.LL
L.L.L..L..
LLLL.LL.LL
L.LL.LL.LL
L.LLLLL.LL
..L.L.....
LLLLLLLLLL
#.LLLLLL.#
L.LLLLL.LL

#.L#.##.##
LLL####.#L
#.#.#..#..
####.##.##
#.##.##.##
#.#####.##
..#.#.....
##########
#.L####L.#
L.L####.LL

#.L#.LL.L#
LLLLLLL.LL
#.L.L..L..
LLLL.LL.LL
L.LL.LL.LL
L.LLLLL.LL
..L.L.....
LLLLLLLLLL
#.LLLLLL.#
L.L#LL#.LL

#.L#.L#.##
LLLLLL#.#L
#.L.#..#..
LLL#.##.##
#.##.##.##
#.#####.##
..#.#.....
##########
#.LLLLLL.#
L.L#LL#.LL

#.L#.L#.L#
LLLLLLL.LL
#.L.#..L..
LLL#.LL.LL
#.LL.#L.LL
L.LLLLL.LL
..L.L.....
LLLLLLLLLL
#.LLLLLL.#
L.L#LL#.LL

#.L#.L#.L#
LLLLLLL.LL
#.L.#..L..
LLL#.LL.#L
#.LL.##.##
L.LLLLL.##
..L.#.....
##L#######
#.LLLLLL.#
L.L#LL#.LL

#.L#.L#.L#
LLLLLLL.LL
#.L.#..L..
LLL#.LL.#L
#.LL.##.##
L.LLLLL.#L
..L.#.....
##L####L##
#.LLLLLL.#
L.L#LL#.LL

27
